#
# A fatal error has been detected by the Java Runtime Environment:
#
#  EXCEPTION_ACCESS_VIOLATION (0xc0000005) at pc=0x00007ffc47022065, pid=476, tid=9808
#
# JRE version: OpenJDK Runtime Environment (14.0.2+12) (build 14.0.2+12-46)
# Java VM: OpenJDK 64-Bit Server VM (14.0.2+12-46, mixed mode, sharing, tiered, compressed oops, g1 gc, windows-amd64)
# Problematic frame:
# C  [ig11icd64.dll+0x42065]
#
# No core dump will be written. Minidumps are not enabled by default on client versions of Windows
#
# If you would like to submit a bug report, please visit:
#   https://bugreport.java.com/bugreport/crash.jsp
#

---------------  S U M M A R Y ------------

Command Line: -agentlib:jdwp=transport=dt_socket,address=127.0.0.1:49225,suspend=y,server=n -javaagent:C:\Users\legon\AppData\Local\JetBrains\IntelliJIdea2020.1\captureAgent\debugger-agent.jar -Dfile.encoding=UTF-8 io.github.bretwitt.SatViz

Host: Intel(R) Core(TM) i5-1035G4 CPU @ 1.10GHz, 8 cores, 7G,  Windows 10 , 64 bit Build 18362 (10.0.18362.1110)
Time: Thu Jan  7 02:03:45 2021 Korea Standard Time elapsed time: 8 seconds (0d 0h 0m 8s)

---------------  T H R E A D  ---------------

Current thread (0x00000202d9f48000):  VMThread "VM Thread" [stack: 0x000000afb5200000,0x000000afb5300000] [id=9808]

Stack: [0x000000afb5200000,0x000000afb5300000],  sp=0x000000afb52fe2c0,  free space=1016k
Native frames: (J=compiled Java code, j=interpreted, Vv=VM code, C=native code)
C  [ig11icd64.dll+0x42065]


siginfo: EXCEPTION_ACCESS_VIOLATION (0xc0000005), reading address 0x0000000000034868


Register to memory mapping:

RIP=0x00007ffc47022065 ig11icd64.dll
RAX=0x00000202dc69f478 points into unknown readable memory: 63 b9 19 00 00 00 00 00
RBX=0x00000202dc69f3b0 points into unknown readable memory: 70 1c dc da 02 02 00 00
RCX=0x0 is NULL
RDX=0x00000202dc69f478 points into unknown readable memory: 63 b9 19 00 00 00 00 00
RSP=0x000000afb52fe2c0 points into unknown readable memory: d4 57 68 f4 01 00 00 00
RBP=0x0 is NULL
RSI=0x00000202dc69d040 points into unknown readable memory: 70 1c dc da 02 02 00 00
RDI=0x00000202daa46060 points into unknown readable memory: 00 e3 3c b0 fc 7f 00 00
R8 =0x0 is NULL
R9 =0x0 is NULL
R10=0x0 is NULL
R11=0x0000000000000246 is an unknown value
R12=0x00000202daed9800 points into unknown readable memory: 00 00 00 00 00 00 00 00
R13=0x0 is NULL
R14=0x00000202dc69f840 points into unknown readable memory: 40 d0 69 dc 02 02 00 00
R15=0x0 is NULL


Registers:
RAX=0x00000202dc69f478, RBX=0x00000202dc69f3b0, RCX=0x0000000000000000, RDX=0x00000202dc69f478
RSP=0x000000afb52fe2c0, RBP=0x0000000000000000, RSI=0x00000202dc69d040, RDI=0x00000202daa46060
R8 =0x0000000000000000, R9 =0x0000000000000000, R10=0x0000000000000000, R11=0x0000000000000246
R12=0x00000202daed9800, R13=0x0000000000000000, R14=0x00000202dc69f840, R15=0x0000000000000000
RIP=0x00007ffc47022065, EFLAGS=0x0000000000010206

Top of Stack: (sp=0x000000afb52fe2c0)
0x000000afb52fe2c0:   00000001f46857d4 0000000000000000
0x000000afb52fe2d0:   0000bbac813bb5bb 0000005400000000
0x000000afb52fe2e0:   0000000000000078 0000000000000000
0x000000afb52fe2f0:   000000000019b963 00000202daed98c0
0x000000afb52fe300:   0000b802030400a8 00007ffc47005526
0x000000afb52fe310:   00000202dadddc70 00000202daa46060
0x000000afb52fe320:   000000afb52fe410 0000000000000000
0x000000afb52fe330:   000000af00000000 0000000000000000
0x000000afb52fe340:   000000afb52fe3a0 0000000000000000
0x000000afb52fe350:   000042d400000000 0000000000000000
0x000000afb52fe360:   0000000000000070 0000000000000000
0x000000afb52fe370:   0000bbac813bb62b 00007ffca83e5550
0x000000afb52fe380:   0000000000000000 000000afb52fe460
0x000000afb52fe390:   0000000000000078 00000202daedab80
0x000000afb52fe3a0:   0000000000000000 00000202daedab88
0x000000afb52fe3b0:   0000b802030400a8 00000000000230f8 

Instructions: (pc=0x00007ffc47022065)
0x00007ffc47021f65:   c7 87 88 02 00 00 00 00 00 00 48 c7 87 a0 02 00
0x00007ffc47021f75:   00 00 00 00 00 48 c7 87 90 02 00 00 00 00 00 00
0x00007ffc47021f85:   48 85 ed 75 1c 65 48 8b 0c 25 58 00 00 00 8b 05
0x00007ffc47021f95:   4b 51 e3 00 bd 10 00 00 00 48 8b 04 c1 48 8b 2c
0x00007ffc47021fa5:   28 48 85 f6 0f 84 4d 03 00 00 90 48 8b de 4c 8d
0x00007ffc47021fb5:   b6 90 04 00 00 49 8b 36 45 84 ff 0f 85 eb 02 00
0x00007ffc47021fc5:   00 8b 8f e0 01 00 00 48 8b 05 8d b4 c4 00 83 b8
0x00007ffc47021fd5:   58 03 00 00 02 0f 85 f9 00 00 00 48 8d 93 c8 00
0x00007ffc47021fe5:   00 00 83 f9 10 73 06 48 6b c1 38 eb 5d 44 8d 41
0x00007ffc47021ff5:   f0 41 8b c0 c1 e8 04 83 f8 03 73 20 0f ae e8 41
0x00007ffc47022005:   83 e0 0f 4c 8b 8c c2 80 03 00 00 4d 85 c9 74 28
0x00007ffc47022015:   41 8b c0 48 6b c0 38 49 03 c1 eb 31 48 8b 82 98
0x00007ffc47022025:   03 00 00 48 85 c0 74 10 0f 1f 00 39 08 74 29 48
0x00007ffc47022035:   8b 40 40 48 85 c0 75 f3 80 ba a0 03 00 00 00 74
0x00007ffc47022045:   1d 8b c1 83 e0 0f 48 6b c0 38 48 03 c2 48 85 c0
0x00007ffc47022055:   74 0c 48 8b 48 08 eb 08 48 83 c0 08 eb ef 33 c9
0x00007ffc47022065:   48 3b 8d 68 48 03 00 76 6b 48 8b 87 80 02 00 00
0x00007ffc47022075:   49 89 06 48 89 9f 80 02 00 00 ff 87 88 02 00 00
0x00007ffc47022085:   48 8b 4b 08 48 8b 01 ba 01 00 00 00 48 8b 80 d0
0x00007ffc47022095:   02 00 00 ff 15 e2 95 9f 00 0f b7 c8 48 2b c1 48
0x00007ffc470220a5:   05 00 00 01 00 48 01 87 90 02 00 00 48 8b 4b 08
0x00007ffc470220b5:   48 8b 01 ba 01 00 00 00 48 8b 80 d0 02 00 00 ff
0x00007ffc470220c5:   15 b6 95 9f 00 48 01 87 a0 02 00 00 41 b4 01 e9
0x00007ffc470220d5:   e3 01 00 00 44 8b 9f e0 01 00 00 48 8b 87 f8 01
0x00007ffc470220e5:   00 00 4c 8b 10 8b 8f e0 01 00 00 48 8d 93 c8 00
0x00007ffc470220f5:   00 00 83 f9 10 73 06 48 6b c1 38 eb 5d 44 8d 41
0x00007ffc47022105:   f0 41 8b c0 c1 e8 04 83 f8 03 73 20 0f ae e8 41
0x00007ffc47022115:   83 e0 0f 4c 8b 8c c2 80 03 00 00 4d 85 c9 74 28
0x00007ffc47022125:   41 8b c0 48 6b c0 38 49 03 c1 eb 31 48 8b 82 98
0x00007ffc47022135:   03 00 00 48 85 c0 74 10 0f 1f 00 39 08 74 3e 48
0x00007ffc47022145:   8b 40 40 48 85 c0 75 f3 80 ba a0 03 00 00 00 74
0x00007ffc47022155:   1b 8b c1 83 e0 0f 48 6b c0 38 48 03 c2 48 85 c0 


Stack slot to memory mapping:
stack at sp + 0 slots: 0x00000001f46857d4 is an unknown value
stack at sp + 1 slots: 0x0 is NULL
stack at sp + 2 slots: 0x0000bbac813bb5bb is an unknown value
stack at sp + 3 slots: 0x0000005400000000 is an unknown value
stack at sp + 4 slots: 0x0000000000000078 is an unknown value
stack at sp + 5 slots: 0x0 is NULL
stack at sp + 6 slots: 0x000000000019b963 is an unknown value
stack at sp + 7 slots: 0x00000202daed98c0 points into unknown readable memory: 00 00 00 00 00 00 00 00

VM_Operation (0x000000afb5dfebf0): Exit, mode: safepoint, requested by thread 0x00000202daac7000


---------------  P R O C E S S  ---------------

Threads class SMR info:
_java_thread_list=0x00000202dc6fe510, length=17, elements={
0x00000202d9f4d800, 0x00000202d9f4f000, 0x00000202d9f5f800, 0x00000202d9f61800,
0x00000202d9f63000, 0x00000202d9f65000, 0x00000202d9f66800, 0x00000202da880800,
0x00000202da9eb800, 0x00000202daac1800, 0x00000202dabbc800, 0x00000202dad84000,
0x00000202bb1d1000, 0x00000202dc62d000, 0x00000202dc771000, 0x00000202dca1a000,
0x00000202daac7000
}

Java Threads: ( => current thread )
  0x00000202d9f4d800 JavaThread "Reference Handler" daemon [_thread_blocked, id=12192, stack(0x000000afb5300000,0x000000afb5400000)]
  0x00000202d9f4f000 JavaThread "Finalizer" daemon [_thread_blocked, id=316, stack(0x000000afb5400000,0x000000afb5500000)]
  0x00000202d9f5f800 JavaThread "Signal Dispatcher" daemon [_thread_blocked, id=6320, stack(0x000000afb5500000,0x000000afb5600000)]
  0x00000202d9f61800 JavaThread "Attach Listener" daemon [_thread_blocked, id=3876, stack(0x000000afb5600000,0x000000afb5700000)]
  0x00000202d9f63000 JavaThread "Service Thread" daemon [_thread_blocked, id=3324, stack(0x000000afb5700000,0x000000afb5800000)]
  0x00000202d9f65000 JavaThread "C2 CompilerThread0" daemon [_thread_blocked, id=9696, stack(0x000000afb5800000,0x000000afb5900000)]
  0x00000202d9f66800 JavaThread "C1 CompilerThread0" daemon [_thread_blocked, id=8292, stack(0x000000afb5900000,0x000000afb5a00000)]
  0x00000202da880800 JavaThread "Sweeper thread" daemon [_thread_blocked, id=14472, stack(0x000000afb5a00000,0x000000afb5b00000)]
  0x00000202da9eb800 JavaThread "Common-Cleaner" daemon [_thread_blocked, id=3852, stack(0x000000afb5b00000,0x000000afb5c00000)]
  0x00000202daac1800 JavaThread "JDWP Event Helper Thread" daemon [_thread_blocked, id=13896, stack(0x000000afb5e00000,0x000000afb5f00000)]
  0x00000202dabbc800 JavaThread "Notification Thread" daemon [_thread_blocked, id=11200, stack(0x000000afb5c00000,0x000000afb5d00000)]
  0x00000202dad84000 JavaThread "jME3 Main" [_thread_blocked, id=7356, stack(0x000000afb6100000,0x000000afb6200000)]
  0x00000202bb1d1000 JavaThread "DestroyJavaVM" [_thread_blocked, id=2336, stack(0x000000afb4c00000,0x000000afb4d00000)]
  0x00000202dc62d000 JavaThread "jME3 Audio Decoder" daemon [_thread_blocked, id=4156, stack(0x000000afb6800000,0x000000afb6900000)]
  0x00000202dc771000 JavaThread "Java2D Disposer" daemon [_thread_blocked, id=6764, stack(0x000000afb6900000,0x000000afb6a00000)]
  0x00000202dca1a000 JavaThread "LWJGL Timer" daemon [_thread_blocked, id=13000, stack(0x000000afb7000000,0x000000afb7100000)]
  0x00000202daac7000 JavaThread "SIGINT handler" daemon [_thread_blocked, id=472, stack(0x000000afb5d00000,0x000000afb5e00000)]

Other Threads:
=>0x00000202d9f48000 VMThread "VM Thread" [stack: 0x000000afb5200000,0x000000afb5300000] [id=9808]
  0x00000202bb212800 GCTaskThread "GC Thread#0" [stack: 0x000000afb4d00000,0x000000afb4e00000] [id=6380]
  0x00000202dc6e2000 GCTaskThread "GC Thread#1" [stack: 0x000000afb6b00000,0x000000afb6c00000] [id=16848]
  0x00000202dc6e2800 GCTaskThread "GC Thread#2" [stack: 0x000000afb6c00000,0x000000afb6d00000] [id=7592]
  0x00000202dc6e3800 GCTaskThread "GC Thread#3" [stack: 0x000000afb6d00000,0x000000afb6e00000] [id=8600]
  0x00000202bb223000 ConcurrentGCThread "G1 Main Marker" [stack: 0x000000afb4e00000,0x000000afb4f00000] [id=13008]
  0x00000202bb224800 ConcurrentGCThread "G1 Conc#0" [stack: 0x000000afb4f00000,0x000000afb5000000] [id=17152]
  0x00000202d9db4800 ConcurrentGCThread "G1 Refine#0" [stack: 0x000000afb5000000,0x000000afb5100000] [id=1420]
  0x00000202d9db6000 ConcurrentGCThread "G1 Young RemSet Sampling" [stack: 0x000000afb5100000,0x000000afb5200000] [id=15240]

Threads with active compile tasks:

VM state:at safepoint (shutting down)

VM Mutex/Monitor currently owned by a thread:  ([mutex/lock_event])
[0x00000202bb1cbac0] Threads_lock - owner thread: 0x00000202d9f48000
[0x00000202bb1cae60] Heap_lock - owner thread: 0x00000202daac7000

Heap address: 0x0000000086600000, size: 1946 MB, Compressed Oops mode: 32-bit
Narrow klass base: 0x0000000800000000, Narrow klass shift: 3
Compressed class space size: 1073741824 Address: 0x0000000800b30000

Heap:
 garbage-first heap   total 124928K, used 27161K [0x0000000086600000, 0x0000000100000000)
  region size 1024K, 20 young (20480K), 3 survivors (3072K)
 Metaspace       used 8537K, capacity 9404K, committed 9600K, reserved 1058816K
  class space    used 679K, capacity 847K, committed 896K, reserved 1048576K
Heap Regions: E=young(eden), S=young(survivor), O=old, HS=humongous(starts), HC=humongous(continues), CS=collection set, F=free, OA=open archive, CA=closed archive, TAMS=top-at-mark-start (previous, next)
|   0|0x0000000086600000, 0x0000000086686600, 0x0000000086700000| 52%| O|  |TAMS 0x0000000086600000, 0x0000000086600000| Untracked 
|   1|0x0000000086700000, 0x0000000086800000, 0x0000000086800000|100%|HS|  |TAMS 0x0000000086700000, 0x0000000086700000| Complete 
|   2|0x0000000086800000, 0x0000000086900000, 0x0000000086900000|100%|HC|  |TAMS 0x0000000086800000, 0x0000000086800000| Complete 
|   3|0x0000000086900000, 0x0000000086a00000, 0x0000000086a00000|100%|HC|  |TAMS 0x0000000086900000, 0x0000000086900000| Complete 
|   4|0x0000000086a00000, 0x0000000086b00000, 0x0000000086b00000|100%|HC|  |TAMS 0x0000000086a00000, 0x0000000086a00000| Complete 
|   5|0x0000000086b00000, 0x0000000086c00000, 0x0000000086c00000|100%|HC|  |TAMS 0x0000000086b00000, 0x0000000086b00000| Complete 
|   6|0x0000000086c00000, 0x0000000086d00000, 0x0000000086d00000|100%|HC|  |TAMS 0x0000000086c00000, 0x0000000086c00000| Complete 
|   7|0x0000000086d00000, 0x0000000086e00000, 0x0000000086e00000|100%|HC|  |TAMS 0x0000000086d00000, 0x0000000086d00000| Complete 
|   8|0x0000000086e00000, 0x0000000086e00000, 0x0000000086f00000|  0%| F|  |TAMS 0x0000000086e00000, 0x0000000086e00000| Untracked 
|   9|0x0000000086f00000, 0x0000000086f00000, 0x0000000087000000|  0%| F|  |TAMS 0x0000000086f00000, 0x0000000086f00000| Untracked 
|  10|0x0000000087000000, 0x0000000087000000, 0x0000000087100000|  0%| F|  |TAMS 0x0000000087000000, 0x0000000087000000| Untracked 
|  11|0x0000000087100000, 0x0000000087100000, 0x0000000087200000|  0%| F|  |TAMS 0x0000000087100000, 0x0000000087100000| Untracked 
|  12|0x0000000087200000, 0x0000000087200000, 0x0000000087300000|  0%| F|  |TAMS 0x0000000087200000, 0x0000000087200000| Untracked 
|  13|0x0000000087300000, 0x0000000087300000, 0x0000000087400000|  0%| F|  |TAMS 0x0000000087300000, 0x0000000087300000| Untracked 
|  14|0x0000000087400000, 0x0000000087400000, 0x0000000087500000|  0%| F|  |TAMS 0x0000000087400000, 0x0000000087400000| Untracked 
|  15|0x0000000087500000, 0x0000000087500000, 0x0000000087600000|  0%| F|  |TAMS 0x0000000087500000, 0x0000000087500000| Untracked 
|  16|0x0000000087600000, 0x0000000087600000, 0x0000000087700000|  0%| F|  |TAMS 0x0000000087600000, 0x0000000087600000| Untracked 
|  17|0x0000000087700000, 0x0000000087700000, 0x0000000087800000|  0%| F|  |TAMS 0x0000000087700000, 0x0000000087700000| Untracked 
|  18|0x0000000087800000, 0x0000000087800000, 0x0000000087900000|  0%| F|  |TAMS 0x0000000087800000, 0x0000000087800000| Untracked 
|  19|0x0000000087900000, 0x0000000087900000, 0x0000000087a00000|  0%| F|  |TAMS 0x0000000087900000, 0x0000000087900000| Untracked 
|  20|0x0000000087a00000, 0x0000000087a00000, 0x0000000087b00000|  0%| F|  |TAMS 0x0000000087a00000, 0x0000000087a00000| Untracked 
|  21|0x0000000087b00000, 0x0000000087b00000, 0x0000000087c00000|  0%| F|  |TAMS 0x0000000087b00000, 0x0000000087b00000| Untracked 
|  22|0x0000000087c00000, 0x0000000087c00000, 0x0000000087d00000|  0%| F|  |TAMS 0x0000000087c00000, 0x0000000087c00000| Untracked 
|  23|0x0000000087d00000, 0x0000000087d00000, 0x0000000087e00000|  0%| F|  |TAMS 0x0000000087d00000, 0x0000000087d00000| Untracked 
|  24|0x0000000087e00000, 0x0000000087e00000, 0x0000000087f00000|  0%| F|  |TAMS 0x0000000087e00000, 0x0000000087e00000| Untracked 
|  25|0x0000000087f00000, 0x0000000087f00000, 0x0000000088000000|  0%| F|  |TAMS 0x0000000087f00000, 0x0000000087f00000| Untracked 
|  26|0x0000000088000000, 0x0000000088000000, 0x0000000088100000|  0%| F|  |TAMS 0x0000000088000000, 0x0000000088000000| Untracked 
|  27|0x0000000088100000, 0x0000000088100000, 0x0000000088200000|  0%| F|  |TAMS 0x0000000088100000, 0x0000000088100000| Untracked 
|  28|0x0000000088200000, 0x0000000088200000, 0x0000000088300000|  0%| F|  |TAMS 0x0000000088200000, 0x0000000088200000| Untracked 
|  29|0x0000000088300000, 0x0000000088300000, 0x0000000088400000|  0%| F|  |TAMS 0x0000000088300000, 0x0000000088300000| Untracked 
|  30|0x0000000088400000, 0x0000000088400000, 0x0000000088500000|  0%| F|  |TAMS 0x0000000088400000, 0x0000000088400000| Untracked 
|  31|0x0000000088500000, 0x0000000088500000, 0x0000000088600000|  0%| F|  |TAMS 0x0000000088500000, 0x0000000088500000| Untracked 
|  32|0x0000000088600000, 0x0000000088600000, 0x0000000088700000|  0%| F|  |TAMS 0x0000000088600000, 0x0000000088600000| Untracked 
|  33|0x0000000088700000, 0x0000000088700000, 0x0000000088800000|  0%| F|  |TAMS 0x0000000088700000, 0x0000000088700000| Untracked 
|  34|0x0000000088800000, 0x0000000088800000, 0x0000000088900000|  0%| F|  |TAMS 0x0000000088800000, 0x0000000088800000| Untracked 
|  35|0x0000000088900000, 0x0000000088900000, 0x0000000088a00000|  0%| F|  |TAMS 0x0000000088900000, 0x0000000088900000| Untracked 
|  36|0x0000000088a00000, 0x0000000088a00000, 0x0000000088b00000|  0%| F|  |TAMS 0x0000000088a00000, 0x0000000088a00000| Untracked 
|  37|0x0000000088b00000, 0x0000000088b00000, 0x0000000088c00000|  0%| F|  |TAMS 0x0000000088b00000, 0x0000000088b00000| Untracked 
|  38|0x0000000088c00000, 0x0000000088c00000, 0x0000000088d00000|  0%| F|  |TAMS 0x0000000088c00000, 0x0000000088c00000| Untracked 
|  39|0x0000000088d00000, 0x0000000088d00000, 0x0000000088e00000|  0%| F|  |TAMS 0x0000000088d00000, 0x0000000088d00000| Untracked 
|  40|0x0000000088e00000, 0x0000000088e00000, 0x0000000088f00000|  0%| F|  |TAMS 0x0000000088e00000, 0x0000000088e00000| Untracked 
|  41|0x0000000088f00000, 0x0000000088f00000, 0x0000000089000000|  0%| F|  |TAMS 0x0000000088f00000, 0x0000000088f00000| Untracked 
|  42|0x0000000089000000, 0x0000000089000000, 0x0000000089100000|  0%| F|  |TAMS 0x0000000089000000, 0x0000000089000000| Untracked 
|  43|0x0000000089100000, 0x0000000089100000, 0x0000000089200000|  0%| F|  |TAMS 0x0000000089100000, 0x0000000089100000| Untracked 
|  44|0x0000000089200000, 0x0000000089200000, 0x0000000089300000|  0%| F|  |TAMS 0x0000000089200000, 0x0000000089200000| Untracked 
|  45|0x0000000089300000, 0x0000000089300000, 0x0000000089400000|  0%| F|  |TAMS 0x0000000089300000, 0x0000000089300000| Untracked 
|  46|0x0000000089400000, 0x0000000089400000, 0x0000000089500000|  0%| F|  |TAMS 0x0000000089400000, 0x0000000089400000| Untracked 
|  47|0x0000000089500000, 0x0000000089500000, 0x0000000089600000|  0%| F|  |TAMS 0x0000000089500000, 0x0000000089500000| Untracked 
|  48|0x0000000089600000, 0x0000000089600000, 0x0000000089700000|  0%| F|  |TAMS 0x0000000089600000, 0x0000000089600000| Untracked 
|  49|0x0000000089700000, 0x0000000089700000, 0x0000000089800000|  0%| F|  |TAMS 0x0000000089700000, 0x0000000089700000| Untracked 
|  50|0x0000000089800000, 0x0000000089800000, 0x0000000089900000|  0%| F|  |TAMS 0x0000000089800000, 0x0000000089800000| Untracked 
|  51|0x0000000089900000, 0x0000000089900000, 0x0000000089a00000|  0%| F|  |TAMS 0x0000000089900000, 0x0000000089900000| Untracked 
|  52|0x0000000089a00000, 0x0000000089a00000, 0x0000000089b00000|  0%| F|  |TAMS 0x0000000089a00000, 0x0000000089a00000| Untracked 
|  53|0x0000000089b00000, 0x0000000089b00000, 0x0000000089c00000|  0%| F|  |TAMS 0x0000000089b00000, 0x0000000089b00000| Untracked 
|  54|0x0000000089c00000, 0x0000000089c00000, 0x0000000089d00000|  0%| F|  |TAMS 0x0000000089c00000, 0x0000000089c00000| Untracked 
|  55|0x0000000089d00000, 0x0000000089d00000, 0x0000000089e00000|  0%| F|  |TAMS 0x0000000089d00000, 0x0000000089d00000| Untracked 
|  56|0x0000000089e00000, 0x0000000089e00000, 0x0000000089f00000|  0%| F|  |TAMS 0x0000000089e00000, 0x0000000089e00000| Untracked 
|  57|0x0000000089f00000, 0x0000000089f00000, 0x000000008a000000|  0%| F|  |TAMS 0x0000000089f00000, 0x0000000089f00000| Untracked 
|  58|0x000000008a000000, 0x000000008a000000, 0x000000008a100000|  0%| F|  |TAMS 0x000000008a000000, 0x000000008a000000| Untracked 
|  59|0x000000008a100000, 0x000000008a100000, 0x000000008a200000|  0%| F|  |TAMS 0x000000008a100000, 0x000000008a100000| Untracked 
|  60|0x000000008a200000, 0x000000008a200000, 0x000000008a300000|  0%| F|  |TAMS 0x000000008a200000, 0x000000008a200000| Untracked 
|  61|0x000000008a300000, 0x000000008a300000, 0x000000008a400000|  0%| F|  |TAMS 0x000000008a300000, 0x000000008a300000| Untracked 
|  62|0x000000008a400000, 0x000000008a400000, 0x000000008a500000|  0%| F|  |TAMS 0x000000008a400000, 0x000000008a400000| Untracked 
|  63|0x000000008a500000, 0x000000008a500000, 0x000000008a600000|  0%| F|  |TAMS 0x000000008a500000, 0x000000008a500000| Untracked 
|  64|0x000000008a600000, 0x000000008a600000, 0x000000008a700000|  0%| F|  |TAMS 0x000000008a600000, 0x000000008a600000| Untracked 
|  65|0x000000008a700000, 0x000000008a700000, 0x000000008a800000|  0%| F|  |TAMS 0x000000008a700000, 0x000000008a700000| Untracked 
|  66|0x000000008a800000, 0x000000008a800000, 0x000000008a900000|  0%| F|  |TAMS 0x000000008a800000, 0x000000008a800000| Untracked 
|  67|0x000000008a900000, 0x000000008a900000, 0x000000008aa00000|  0%| F|  |TAMS 0x000000008a900000, 0x000000008a900000| Untracked 
|  68|0x000000008aa00000, 0x000000008aa00000, 0x000000008ab00000|  0%| F|  |TAMS 0x000000008aa00000, 0x000000008aa00000| Untracked 
|  69|0x000000008ab00000, 0x000000008ab00000, 0x000000008ac00000|  0%| F|  |TAMS 0x000000008ab00000, 0x000000008ab00000| Untracked 
|  70|0x000000008ac00000, 0x000000008ac00000, 0x000000008ad00000|  0%| F|  |TAMS 0x000000008ac00000, 0x000000008ac00000| Untracked 
|  71|0x000000008ad00000, 0x000000008ad00000, 0x000000008ae00000|  0%| F|  |TAMS 0x000000008ad00000, 0x000000008ad00000| Untracked 
|  72|0x000000008ae00000, 0x000000008ae00000, 0x000000008af00000|  0%| F|  |TAMS 0x000000008ae00000, 0x000000008ae00000| Untracked 
|  73|0x000000008af00000, 0x000000008af00000, 0x000000008b000000|  0%| F|  |TAMS 0x000000008af00000, 0x000000008af00000| Untracked 
|  74|0x000000008b000000, 0x000000008b000000, 0x000000008b100000|  0%| F|  |TAMS 0x000000008b000000, 0x000000008b000000| Untracked 
|  75|0x000000008b100000, 0x000000008b100000, 0x000000008b200000|  0%| F|  |TAMS 0x000000008b100000, 0x000000008b100000| Untracked 
|  76|0x000000008b200000, 0x000000008b200000, 0x000000008b300000|  0%| F|  |TAMS 0x000000008b200000, 0x000000008b200000| Untracked 
|  77|0x000000008b300000, 0x000000008b300000, 0x000000008b400000|  0%| F|  |TAMS 0x000000008b300000, 0x000000008b300000| Untracked 
|  78|0x000000008b400000, 0x000000008b400000, 0x000000008b500000|  0%| F|  |TAMS 0x000000008b400000, 0x000000008b400000| Untracked 
|  79|0x000000008b500000, 0x000000008b500000, 0x000000008b600000|  0%| F|  |TAMS 0x000000008b500000, 0x000000008b500000| Untracked 
|  80|0x000000008b600000, 0x000000008b600000, 0x000000008b700000|  0%| F|  |TAMS 0x000000008b600000, 0x000000008b600000| Untracked 
|  81|0x000000008b700000, 0x000000008b700000, 0x000000008b800000|  0%| F|  |TAMS 0x000000008b700000, 0x000000008b700000| Untracked 
|  82|0x000000008b800000, 0x000000008b800000, 0x000000008b900000|  0%| F|  |TAMS 0x000000008b800000, 0x000000008b800000| Untracked 
|  83|0x000000008b900000, 0x000000008b900000, 0x000000008ba00000|  0%| F|  |TAMS 0x000000008b900000, 0x000000008b900000| Untracked 
|  84|0x000000008ba00000, 0x000000008ba00000, 0x000000008bb00000|  0%| F|  |TAMS 0x000000008ba00000, 0x000000008ba00000| Untracked 
|  85|0x000000008bb00000, 0x000000008bb00000, 0x000000008bc00000|  0%| F|  |TAMS 0x000000008bb00000, 0x000000008bb00000| Untracked 
|  86|0x000000008bc00000, 0x000000008bc00000, 0x000000008bd00000|  0%| F|  |TAMS 0x000000008bc00000, 0x000000008bc00000| Untracked 
|  87|0x000000008bd00000, 0x000000008bd00000, 0x000000008be00000|  0%| F|  |TAMS 0x000000008bd00000, 0x000000008bd00000| Untracked 
|  88|0x000000008be00000, 0x000000008be00000, 0x000000008bf00000|  0%| F|  |TAMS 0x000000008be00000, 0x000000008be00000| Untracked 
|  89|0x000000008bf00000, 0x000000008bf00000, 0x000000008c000000|  0%| F|  |TAMS 0x000000008bf00000, 0x000000008bf00000| Untracked 
|  90|0x000000008c000000, 0x000000008c000000, 0x000000008c100000|  0%| F|  |TAMS 0x000000008c000000, 0x000000008c000000| Untracked 
|  91|0x000000008c100000, 0x000000008c100000, 0x000000008c200000|  0%| F|  |TAMS 0x000000008c100000, 0x000000008c100000| Untracked 
|  92|0x000000008c200000, 0x000000008c200000, 0x000000008c300000|  0%| F|  |TAMS 0x000000008c200000, 0x000000008c200000| Untracked 
|  93|0x000000008c300000, 0x000000008c300000, 0x000000008c400000|  0%| F|  |TAMS 0x000000008c300000, 0x000000008c300000| Untracked 
|  94|0x000000008c400000, 0x000000008c400000, 0x000000008c500000|  0%| F|  |TAMS 0x000000008c400000, 0x000000008c400000| Untracked 
|  95|0x000000008c500000, 0x000000008c500000, 0x000000008c600000|  0%| F|  |TAMS 0x000000008c500000, 0x000000008c500000| Untracked 
|  96|0x000000008c600000, 0x000000008c700000, 0x000000008c700000|100%| S|CS|TAMS 0x000000008c600000, 0x000000008c600000| Complete 
|  97|0x000000008c700000, 0x000000008c800000, 0x000000008c800000|100%| S|CS|TAMS 0x000000008c700000, 0x000000008c700000| Complete 
|  98|0x000000008c800000, 0x000000008c900000, 0x000000008c900000|100%| S|CS|TAMS 0x000000008c800000, 0x000000008c800000| Complete 
|  99|0x000000008c900000, 0x000000008c900000, 0x000000008ca00000|  0%| F|  |TAMS 0x000000008c900000, 0x000000008c900000| Untracked 
| 100|0x000000008ca00000, 0x000000008ca00000, 0x000000008cb00000|  0%| F|  |TAMS 0x000000008ca00000, 0x000000008ca00000| Untracked 
| 101|0x000000008cb00000, 0x000000008cb00000, 0x000000008cc00000|  0%| F|  |TAMS 0x000000008cb00000, 0x000000008cb00000| Untracked 
| 102|0x000000008cc00000, 0x000000008cc00000, 0x000000008cd00000|  0%| F|  |TAMS 0x000000008cc00000, 0x000000008cc00000| Untracked 
| 103|0x000000008cd00000, 0x000000008cd00000, 0x000000008ce00000|  0%| F|  |TAMS 0x000000008cd00000, 0x000000008cd00000| Untracked 
| 104|0x000000008ce00000, 0x000000008ce00000, 0x000000008cf00000|  0%| F|  |TAMS 0x000000008ce00000, 0x000000008ce00000| Untracked 
| 105|0x000000008cf00000, 0x000000008cf63810, 0x000000008d000000| 38%| E|  |TAMS 0x000000008cf00000, 0x000000008cf00000| Complete 
| 106|0x000000008d000000, 0x000000008d100000, 0x000000008d100000|100%| E|CS|TAMS 0x000000008d000000, 0x000000008d000000| Complete 
| 107|0x000000008d100000, 0x000000008d200000, 0x000000008d200000|100%| E|CS|TAMS 0x000000008d100000, 0x000000008d100000| Complete 
| 108|0x000000008d200000, 0x000000008d300000, 0x000000008d300000|100%| E|CS|TAMS 0x000000008d200000, 0x000000008d200000| Complete 
| 109|0x000000008d300000, 0x000000008d400000, 0x000000008d400000|100%| E|CS|TAMS 0x000000008d300000, 0x000000008d300000| Complete 
| 110|0x000000008d400000, 0x000000008d500000, 0x000000008d500000|100%| E|CS|TAMS 0x000000008d400000, 0x000000008d400000| Complete 
| 111|0x000000008d500000, 0x000000008d600000, 0x000000008d600000|100%| E|CS|TAMS 0x000000008d500000, 0x000000008d500000| Complete 
| 112|0x000000008d600000, 0x000000008d700000, 0x000000008d700000|100%| E|CS|TAMS 0x000000008d600000, 0x000000008d600000| Complete 
| 113|0x000000008d700000, 0x000000008d800000, 0x000000008d800000|100%| E|CS|TAMS 0x000000008d700000, 0x000000008d700000| Complete 
| 114|0x000000008d800000, 0x000000008d900000, 0x000000008d900000|100%| E|CS|TAMS 0x000000008d800000, 0x000000008d800000| Complete 
| 115|0x000000008d900000, 0x000000008da00000, 0x000000008da00000|100%| E|CS|TAMS 0x000000008d900000, 0x000000008d900000| Complete 
| 116|0x000000008da00000, 0x000000008db00000, 0x000000008db00000|100%| E|CS|TAMS 0x000000008da00000, 0x000000008da00000| Complete 
| 117|0x000000008db00000, 0x000000008dc00000, 0x000000008dc00000|100%| E|CS|TAMS 0x000000008db00000, 0x000000008db00000| Complete 
| 118|0x000000008dc00000, 0x000000008dd00000, 0x000000008dd00000|100%| E|CS|TAMS 0x000000008dc00000, 0x000000008dc00000| Complete 
| 119|0x000000008dd00000, 0x000000008de00000, 0x000000008de00000|100%| E|CS|TAMS 0x000000008dd00000, 0x000000008dd00000| Complete 
| 120|0x000000008de00000, 0x000000008df00000, 0x000000008df00000|100%| E|CS|TAMS 0x000000008de00000, 0x000000008de00000| Complete 
| 121|0x000000008df00000, 0x000000008e000000, 0x000000008e000000|100%| E|CS|TAMS 0x000000008df00000, 0x000000008df00000| Complete 

Card table byte_map: [0x00000202d3070000,0x00000202d3440000] _byte_map_base: 0x00000202d2c3d000

Marking Bits (Prev, Next): (CMBitMap*) 0x00000202bb213038, (CMBitMap*) 0x00000202bb213078
 Prev Bits: [0x00000202d3810000, 0x00000202d5678000)
 Next Bits: [0x00000202d5680000, 0x00000202d74e8000)

Polling page: 0x00000202b8ed0000

Metaspace:

Usage:
  Non-class:      8.36 MB capacity,     7.67 MB ( 92%) used,   682.34 KB (  8%) free+waste,    16.44 KB ( <1%) overhead. 
      Class:    847.00 KB capacity,   679.22 KB ( 80%) used,   160.41 KB ( 19%) free+waste,     7.38 KB ( <1%) overhead. 
       Both:      9.18 MB capacity,     8.34 MB ( 91%) used,   842.74 KB (  9%) free+waste,    23.81 KB ( <1%) overhead. 

Virtual space:
  Non-class space:       10.00 MB reserved,       8.50 MB ( 85%) committed 
      Class space:        1.00 GB reserved,     896.00 KB ( <1%) committed 
             Both:        1.01 GB reserved,       9.38 MB ( <1%) committed 

Chunk freelists:
   Non-Class:  19.00 KB
       Class:  17.00 KB
        Both:  36.00 KB

MaxMetaspaceSize: 17179869184.00 GB
CompressedClassSpaceSize: 1.00 GB

CodeHeap 'non-profiled nmethods': size=120000Kb used=1118Kb max_used=1118Kb free=118881Kb
 bounds [0x00000202cb440000, 0x00000202cb6b0000, 0x00000202d2970000]
CodeHeap 'profiled nmethods': size=120000Kb used=3972Kb max_used=3972Kb free=116027Kb
 bounds [0x00000202c3f10000, 0x00000202c4300000, 0x00000202cb440000]
CodeHeap 'non-nmethods': size=5760Kb used=1408Kb max_used=1453Kb free=4351Kb
 bounds [0x00000202c3970000, 0x00000202c3be0000, 0x00000202c3f10000]
 total_blobs=2634 nmethods=2024 adapters=523
 compilation: enabled
              stopped_count=0, restarted_count=0
 full_count=0

Compilation events (20 events):
Event: 6.234 Thread 0x00000202d9f66800 2016   !   3       org.lwjgl.opengl.Sync::sync (125 bytes)
Event: 6.234 Thread 0x00000202d9f66800 nmethod 2016 0x00000202c42ed310 code [0x00000202c42ed680, 0x00000202c42ee908]
Event: 6.685 Thread 0x00000202d9f65000 2017 % !   4       org.lwjgl.opengl.Sync::sync @ 65 (125 bytes)
Event: 6.690 Thread 0x00000202d9f65000 nmethod 2017% 0x00000202cb54c390 code [0x00000202cb54c620, 0x00000202cb54cd88]
Event: 6.835 Thread 0x00000202d9f65000 2018   !   4       org.lwjgl.opengl.Sync::sync (125 bytes)
Event: 6.859 Thread 0x00000202d9f65000 nmethod 2018 0x00000202cb54d190 code [0x00000202cb54d620, 0x00000202cb54ea00]
Event: 7.085 Thread 0x00000202d9f65000 2019 %     4       com.jme3.util.IntMap::clear @ 8 (28 bytes)
Event: 7.087 Thread 0x00000202d9f65000 nmethod 2019% 0x00000202cb54f310 code [0x00000202cb54f4e0, 0x00000202cb54f7f8]
Event: 7.536 Thread 0x00000202d9f65000 2020       4       com.jme3.light.DefaultLightFilter::setCamera (41 bytes)
Event: 7.543 Thread 0x00000202d9f65000 nmethod 2020 0x00000202cb54f990 code [0x00000202cb54fc00, 0x00000202cb550608]
Event: 7.543 Thread 0x00000202d9f65000 2021       4       com.jme3.renderer.RenderManager::setViewPort (213 bytes)
Event: 7.548 Thread 0x00000202d9f65000 nmethod 2021 0x00000202cb550a10 code [0x00000202cb550d00, 0x00000202cb551778]
Event: 7.548 Thread 0x00000202d9f65000 2022       4       com.jme3.renderer.RenderManager::setViewProjection (47 bytes)
Event: 7.566 Thread 0x00000202d9f65000 nmethod 2022 0x00000202cb551b90 code [0x00000202cb552000, 0x00000202cb553d78]
Event: 7.822 Thread 0x00000202d9f66800 2023       3       com.jme3.audio.openal.ALAudioRenderer::updateInDecoderThread (197 bytes)
Event: 7.823 Thread 0x00000202d9f66800 nmethod 2023 0x00000202c42ef290 code [0x00000202c42ef5c0, 0x00000202c42f0af8]
Event: 7.885 Thread 0x00000202d9f65000 2024       4       com.jme3.material.RenderState::copyMergedTo (549 bytes)
Event: 7.892 Thread 0x00000202d9f65000 nmethod 2024 0x00000202cb554690 code [0x00000202cb5548c0, 0x00000202cb555618]
Event: 7.892 Thread 0x00000202d9f65000 2025       4       com.jme3.renderer.opengl.GLRenderer::applyRenderState (1463 bytes)
Event: 7.900 Thread 0x00000202d9f65000 nmethod 2025 0x00000202cb555810 code [0x00000202cb555d20, 0x00000202cb556f38]

GC Heap History (2 events):
Event: 2.302 GC heap before
{Heap before GC invocations=0 (full 0):
 garbage-first heap   total 124928K, used 22528K [0x0000000086600000, 0x0000000100000000)
  region size 1024K, 23 young (23552K), 0 survivors (0K)
 Metaspace       used 7193K, capacity 8292K, committed 8576K, reserved 1056768K
  class space    used 604K, capacity 776K, committed 896K, reserved 1048576K
}
Event: 2.310 GC heap after
{Heap after GC invocations=1 (full 0):
 garbage-first heap   total 124928K, used 3609K [0x0000000086600000, 0x0000000100000000)
  region size 1024K, 3 young (3072K), 3 survivors (3072K)
 Metaspace       used 7193K, capacity 8292K, committed 8576K, reserved 1056768K
  class space    used 604K, capacity 776K, committed 896K, reserved 1048576K
}

Deoptimization events (20 events):
Event: 4.178 Thread 0x00000202dad84000 Uncommon trap: trap_request=0xffffff45 fr.pc=0x00000202cb50aa8c relative=0x000000000000088c
Event: 4.178 Thread 0x00000202dad84000 Uncommon trap: reason=unstable_if action=reinterpret pc=0x00000202cb50aa8c method=com.jme3.scene.Spatial.checkCulling(Lcom/jme3/renderer/Camera;)Z @ 126 c2
Event: 4.178 Thread 0x00000202dad84000 DEOPT PACKING pc=0x00000202cb50aa8c sp=0x000000afb61fe8f0
Event: 4.178 Thread 0x00000202dad84000 DEOPT UNPACKING pc=0x00000202c397852f sp=0x000000afb61fe8d0 mode 2
Event: 4.196 Thread 0x00000202dad84000 DEOPT PACKING pc=0x00000202c42937e0 sp=0x000000afb61fe850
Event: 4.196 Thread 0x00000202dad84000 DEOPT UNPACKING pc=0x00000202c39b83de sp=0x000000afb61fdd78 mode 0
Event: 4.234 Thread 0x00000202dad84000 DEOPT PACKING pc=0x00000202c421da86 sp=0x000000afb61feb50
Event: 4.234 Thread 0x00000202dad84000 DEOPT UNPACKING pc=0x00000202c39b83de sp=0x000000afb61fe0d8 mode 0
Event: 6.235 Thread 0x00000202dad84000 DEOPT PACKING pc=0x00000202c42ec6b0 sp=0x000000afb61fec70
Event: 6.235 Thread 0x00000202dad84000 DEOPT UNPACKING pc=0x00000202c39b83de sp=0x000000afb61fe200 mode 0
Event: 6.335 Thread 0x00000202dad84000 DEOPT PACKING pc=0x00000202c42ee6d2 sp=0x000000afb61fec80
Event: 6.335 Thread 0x00000202dad84000 DEOPT UNPACKING pc=0x00000202c39b83de sp=0x000000afb61fe200 mode 0
Event: 6.484 Thread 0x00000202dad84000 DEOPT PACKING pc=0x00000202c42ee6d2 sp=0x000000afb61fec80
Event: 6.484 Thread 0x00000202dad84000 DEOPT UNPACKING pc=0x00000202c39b83de sp=0x000000afb61fe200 mode 0
Event: 6.634 Thread 0x00000202dad84000 DEOPT PACKING pc=0x00000202c42ee6d2 sp=0x000000afb61fec80
Event: 6.634 Thread 0x00000202dad84000 DEOPT UNPACKING pc=0x00000202c39b83de sp=0x000000afb61fe200 mode 0
Event: 6.685 Thread 0x00000202dad84000 DEOPT PACKING pc=0x00000202c42ee6d2 sp=0x000000afb61fec80
Event: 6.685 Thread 0x00000202dad84000 DEOPT UNPACKING pc=0x00000202c39b83de sp=0x000000afb61fe200 mode 0
Event: 6.835 Thread 0x00000202dad84000 DEOPT PACKING pc=0x00000202c42ee6d2 sp=0x000000afb61fec80
Event: 6.835 Thread 0x00000202dad84000 DEOPT UNPACKING pc=0x00000202c39b83de sp=0x000000afb61fe200 mode 0

Classes unloaded (0 events):
No events

Classes redefined (0 events):
No events

Internal exceptions (6 events):
Event: 1.268 Thread 0x00000202bb1d1000 Exception <a 'java/lang/ClassNotFoundException'{0x000000008d9f5248}: sun/util/logging/resources/spi/loggingProvider> (0x000000008d9f5248) 
thrown [./open/src/hotspot/share/classfile/systemDictionary.cpp, line 226]
Event: 1.954 Thread 0x00000202dad84000 Exception <a 'java/lang/NoSuchMethodError'{0x000000008cf22df0}: 'int java.lang.invoke.DirectMethodHandle$Holder.invokeSpecialIFC(java.lang.Object, java.lang.Object, int)'> (0x000000008cf22df0) 
thrown [./open/src/hotspot/share/interpreter/linkResolver.cpp, line 766]
Event: 2.207 Thread 0x00000202dad84000 Exception <a 'java/lang/ClassNotFoundException'{0x000000008cbbc6c8}: sun/awt/resources/spi/awtProvider> (0x000000008cbbc6c8) 
thrown [./open/src/hotspot/share/classfile/systemDictionary.cpp, line 226]
Event: 2.212 Thread 0x00000202dad84000 Exception <a 'java/io/FileNotFoundException'{0x000000008cbc3948}> (0x000000008cbc3948) 
thrown [./open/src/hotspot/share/prims/jni.cpp, line 599]
Event: 2.222 Thread 0x00000202dad84000 Exception <a 'java/io/FileNotFoundException'{0x000000008cbebd60}> (0x000000008cbebd60) 
thrown [./open/src/hotspot/share/prims/jni.cpp, line 599]
Event: 2.503 Thread 0x00000202dad84000 Exception <a 'java/lang/NoSuchMethodError'{0x000000008d798130}: 'void java.lang.invoke.DirectMethodHandle$Holder.invokeVirtual(java.lang.Object, java.lang.Object)'> (0x000000008d798130) 
thrown [./open/src/hotspot/share/interpreter/linkResolver.cpp, line 766]

Events (20 events):
Event: 8.408 Executing VM operation: HandshakeOneThread done
Event: 8.408 Thread 0x00000202daa80800 Thread exited: 0x00000202daa80800
Event: 8.471 Executing VM operation: HandshakeOneThread
Event: 8.471 Executing VM operation: HandshakeOneThread done
Event: 8.471 Executing VM operation: HandshakeOneThread
Event: 8.471 Executing VM operation: HandshakeOneThread done
Event: 8.471 loading class jdk/internal/misc/Signal$1
Event: 8.471 loading class jdk/internal/misc/Signal$1 done
Event: 8.471 Thread 0x00000202daac7000 Thread added: 0x00000202daac7000
Event: 8.471 Executing VM operation: HandshakeOneThread
Event: 8.471 Executing VM operation: HandshakeOneThread done
Event: 8.472 Thread 0x00000202daa80800 Thread added: 0x00000202daa80800
Event: 8.472 Thread 0x00000202dca80800 Thread added: 0x00000202dca80800
Event: 8.485 Thread 0x00000202daa80800 Thread exited: 0x00000202daa80800
Event: 8.504 Executing VM operation: HandshakeOneThread
Event: 8.504 Executing VM operation: HandshakeOneThread done
Event: 8.504 Executing VM operation: HandshakeOneThread
Event: 8.504 Executing VM operation: HandshakeOneThread done
Event: 8.504 Thread 0x00000202dca80800 Thread exited: 0x00000202dca80800
Event: 8.505 Executing VM operation: Exit


Dynamic libraries:
0x00007ff6f8ea0000 - 0x00007ff6f8ead000 	C:\Users\legon\.jdks\openjdk-14.0.2\bin\java.exe
0x00007ffcb06c0000 - 0x00007ffcb08b0000 	C:\windows\SYSTEM32\ntdll.dll
0x00007ffcaf370000 - 0x00007ffcaf422000 	C:\windows\System32\KERNEL32.DLL
0x00007ffcae180000 - 0x00007ffcae425000 	C:\windows\System32\KERNELBASE.dll
0x00007ffcadfd0000 - 0x00007ffcae0ca000 	C:\windows\System32\ucrtbase.dll
0x00007ffc942b0000 - 0x00007ffc942c8000 	C:\Users\legon\.jdks\openjdk-14.0.2\bin\jli.dll
0x00007ffc94280000 - 0x00007ffc94295000 	C:\Users\legon\.jdks\openjdk-14.0.2\bin\VCRUNTIME140.dll
0x00007ffcaff50000 - 0x00007ffcb00e4000 	C:\windows\System32\USER32.dll
0x00007ffcaca20000 - 0x00007ffcacca4000 	C:\windows\WinSxS\amd64_microsoft.windows.common-controls_6595b64144ccf1df_6.0.18362.1256_none_9e7e379be45e40e2\COMCTL32.dll
0x00007ffcade80000 - 0x00007ffcadea1000 	C:\windows\System32\win32u.dll
0x00007ffcaf4b0000 - 0x00007ffcaf54e000 	C:\windows\System32\msvcrt.dll
0x00007ffcae7d0000 - 0x00007ffcae7f6000 	C:\windows\System32\GDI32.dll
0x00007ffcaf030000 - 0x00007ffcaf366000 	C:\windows\System32\combase.dll
0x00007ffcae430000 - 0x00007ffcae5c6000 	C:\windows\System32\gdi32full.dll
0x00007ffcb02f0000 - 0x00007ffcb0410000 	C:\windows\System32\RPCRT4.dll
0x00007ffcad630000 - 0x00007ffcad6ce000 	C:\windows\System32\msvcp_win.dll
0x00007ffcadeb0000 - 0x00007ffcadf31000 	C:\windows\System32\bcryptPrimitives.dll
0x00007ffcb0410000 - 0x00007ffcb043e000 	C:\windows\System32\IMM32.DLL
0x00007ffc69e30000 - 0x00007ffc69ecb000 	C:\Users\legon\.jdks\openjdk-14.0.2\bin\msvcp140.dll
0x00007ffc47f20000 - 0x00007ffc48a3e000 	C:\Users\legon\.jdks\openjdk-14.0.2\bin\server\jvm.dll
0x00007ffcb05c0000 - 0x00007ffcb0663000 	C:\windows\System32\ADVAPI32.dll
0x00007ffcafd50000 - 0x00007ffcafde7000 	C:\windows\System32\sechost.dll
0x00007ffcae800000 - 0x00007ffcae808000 	C:\windows\System32\PSAPI.DLL
0x00007ffca91d0000 - 0x00007ffca91d9000 	C:\windows\SYSTEM32\WSOCK32.dll
0x00007ffca9470000 - 0x00007ffca9494000 	C:\windows\SYSTEM32\WINMM.dll
0x00007ffcab350000 - 0x00007ffcab35a000 	C:\windows\SYSTEM32\VERSION.dll
0x00007ffcaf550000 - 0x00007ffcaf5bf000 	C:\windows\System32\WS2_32.dll
0x00007ffca9440000 - 0x00007ffca946d000 	C:\windows\SYSTEM32\winmmbase.dll
0x00007ffcae720000 - 0x00007ffcae76a000 	C:\windows\System32\cfgmgr32.dll
0x00007ffcad570000 - 0x00007ffcad581000 	C:\windows\System32\kernel.appcore.dll
0x00007ffc9e5f0000 - 0x00007ffc9e5fa000 	C:\Users\legon\.jdks\openjdk-14.0.2\bin\jimage.dll
0x00007ffcacfb0000 - 0x00007ffcad1a4000 	C:\windows\SYSTEM32\DBGHELP.DLL
0x00007ffcacf80000 - 0x00007ffcacfaa000 	C:\windows\SYSTEM32\dbgcore.DLL
0x00007ffc9e520000 - 0x00007ffc9e558000 	C:\Users\legon\.jdks\openjdk-14.0.2\bin\jdwp.dll
0x00007ffc94250000 - 0x00007ffc94275000 	C:\Users\legon\.jdks\openjdk-14.0.2\bin\java.dll
0x00007ffc9dee0000 - 0x00007ffc9deee000 	C:\Users\legon\.jdks\openjdk-14.0.2\bin\instrument.dll
0x00007ffc94230000 - 0x00007ffc94246000 	C:\Users\legon\.jdks\openjdk-14.0.2\bin\zip.dll
0x00007ffcaf660000 - 0x00007ffcafd47000 	C:\windows\System32\SHELL32.dll
0x00007ffcb0100000 - 0x00007ffcb01a9000 	C:\windows\System32\shcore.dll
0x00007ffcad6d0000 - 0x00007ffcade51000 	C:\windows\System32\windows.storage.dll
0x00007ffcad600000 - 0x00007ffcad623000 	C:\windows\System32\profapi.dll
0x00007ffcad590000 - 0x00007ffcad5da000 	C:\windows\System32\powrprof.dll
0x00007ffcad560000 - 0x00007ffcad570000 	C:\windows\System32\UMPDC.dll
0x00007ffcae770000 - 0x00007ffcae7c2000 	C:\windows\System32\shlwapi.dll
0x00007ffcade60000 - 0x00007ffcade77000 	C:\windows\System32\cryptsp.dll
0x00007ffc9ded0000 - 0x00007ffc9dedb000 	C:\Users\legon\.jdks\openjdk-14.0.2\bin\dt_socket.dll
0x00007ffcac3e0000 - 0x00007ffcac41a000 	C:\windows\SYSTEM32\IPHLPAPI.DLL
0x00007ffcac6f0000 - 0x00007ffcac757000 	C:\windows\system32\mswsock.dll
0x00007ffc939b0000 - 0x00007ffc939c9000 	C:\Users\legon\.jdks\openjdk-14.0.2\bin\net.dll
0x00007ffca5da0000 - 0x00007ffca5e90000 	C:\windows\SYSTEM32\WINHTTP.dll
0x00007ffc93990000 - 0x00007ffc939a2000 	C:\Users\legon\.jdks\openjdk-14.0.2\bin\nio.dll
0x0000000180000000 - 0x0000000180064000 	C:\Users\legon\Desktop\SatViz\OpenAL64.dll
0x00007ffcafdf0000 - 0x00007ffcaff47000 	C:\windows\System32\ole32.dll
0x00007ffc9e1f0000 - 0x00007ffc9e200000 	C:\Users\legon\.jdks\openjdk-14.0.2\bin\verify.dll
0x00000202bb120000 - 0x00000202bb173000 	C:\Users\legon\Desktop\SatViz\lwjgl64.dll
0x00007ffc9b520000 - 0x00007ffc9b676000 	C:\windows\SYSTEM32\OPENGL32.dll
0x00007ffca7cc0000 - 0x00007ffca7cec000 	C:\windows\SYSTEM32\GLU32.dll
0x00007ffcab3c0000 - 0x00007ffcab3e0000 	C:\windows\SYSTEM32\dxcore.dll
0x00007ffca6e60000 - 0x00007ffca6f0e000 	C:\windows\SYSTEM32\mscms.dll
0x00007ffca6dd0000 - 0x00007ffca6de7000 	C:\windows\SYSTEM32\ColorAdapterClient.dll
0x00007ffcad440000 - 0x00007ffcad465000 	C:\windows\SYSTEM32\USERENV.dll
0x00007ffcaef00000 - 0x00007ffcaefc5000 	C:\windows\System32\OLEAUT32.dll
0x00007ffcb0510000 - 0x00007ffcb05b2000 	C:\windows\System32\clbcatq.dll
0x00007ffc89130000 - 0x00007ffc8914a000 	C:\Windows\System32\Windows.Internal.Graphics.Display.DisplayColorManagement.dll
0x00007ffcaab40000 - 0x00007ffcaabd9000 	C:\windows\system32\uxtheme.dll
0x00007ffcb01b0000 - 0x00007ffcb02e5000 	C:\windows\System32\MSCTF.dll
0x00007ffc46fe0000 - 0x00007ffc47f16000 	C:\windows\System32\DriverStore\FileRepository\iigd_dch.inf_amd64_99f3effa9b6e163f\ig11icd64.dll
0x00007ffcaaea0000 - 0x00007ffcaaecd000 	C:\windows\system32\dwmapi.dll
0x00007ffcab450000 - 0x00007ffcab53b000 	C:\windows\system32\dxgi.dll
0x00007ffca4ee0000 - 0x00007ffca4f7e000 	C:\windows\System32\TextInputFramework.dll
0x00007ffca7910000 - 0x00007ffca7c3a000 	C:\windows\System32\CoreUIComponents.dll
0x00007ffcaa2e0000 - 0x00007ffcaa3b4000 	C:\windows\System32\CoreMessaging.dll
0x00007ffcad310000 - 0x00007ffcad341000 	C:\windows\SYSTEM32\ntmarta.dll
0x00007ffca82f0000 - 0x00007ffca8443000 	C:\windows\SYSTEM32\wintypes.dll
0x00007ffc9a470000 - 0x00007ffc9a717000 	C:\windows\System32\iertutil.dll
0x00007ffc9cc30000 - 0x00007ffc9cc95000 	C:\windows\system32\Oleacc.dll
0x00007ffcaba30000 - 0x00007ffcaba73000 	C:\windows\SYSTEM32\icm32.dll
0x00007ffca2710000 - 0x00007ffca28b0000 	C:\windows\System32\DriverStore\FileRepository\iigd_dch.inf_amd64_99f3effa9b6e163f\igdgmm64.dll
0x00007ffca0310000 - 0x00007ffca270c000 	C:\windows\System32\DriverStore\FileRepository\iigd_dch.inf_amd64_99f3effa9b6e163f\igc64.dll
0x00007ffc6bb00000 - 0x00007ffc6bc98000 	C:\Users\legon\.jdks\openjdk-14.0.2\bin\awt.dll
0x00007ffcaa970000 - 0x00007ffcaa9ff000 	C:\windows\SYSTEM32\apphelp.dll
0x00007ffca3b50000 - 0x00007ffca3bc2000 	C:\windows\System32\MMDevApi.dll
0x00007ffcad350000 - 0x00007ffcad37a000 	C:\windows\System32\DEVOBJ.dll
0x00007ffc93a30000 - 0x00007ffc93ac9000 	C:\windows\SYSTEM32\dsound.dll
0x00007ffc9f310000 - 0x00007ffc9f46d000 	C:\windows\SYSTEM32\AUDIOSES.DLL
0x00007ffc7c190000 - 0x00007ffc7c1bd000 	C:\Users\legon\.jdks\openjdk-14.0.2\bin\javajpeg.dll

dbghelp: loaded successfully - version: 4.0.5 - missing functions: none
symbol engine: initialized successfully - sym options: 0x614 - pdb path: .;C:\Users\legon\.jdks\openjdk-14.0.2\bin;C:\windows\SYSTEM32;C:\windows\WinSxS\amd64_microsoft.windows.common-controls_6595b64144ccf1df_6.0.18362.1256_none_9e7e379be45e40e2;C:\Users\legon\.jdks\openjdk-14.0.2\bin\server;C:\Users\legon\Desktop\SatViz;C:\windows\System32\DriverStore\FileRepository\iigd_dch.inf_amd64_99f3effa9b6e163f

VM Arguments:
jvm_args: -agentlib:jdwp=transport=dt_socket,address=127.0.0.1:49225,suspend=y,server=n -javaagent:C:\Users\legon\AppData\Local\JetBrains\IntelliJIdea2020.1\captureAgent\debugger-agent.jar -Dfile.encoding=UTF-8 
java_command: io.github.bretwitt.SatViz
java_class_path (initial): C:\Users\legon\Desktop\SatViz\target\classes;C:\Users\legon\.m2\repository\org\jmonkeyengine\jme3-core\3.3.2-stable\jme3-core-3.3.2-stable.jar;C:\Users\legon\.m2\repository\org\jmonkeyengine\jme3-desktop\3.3.2-stable\jme3-desktop-3.3.2-stable.jar;C:\Users\legon\.m2\repository\org\jmonkeyengine\jme3-lwjgl\3.3.2-stable\jme3-lwjgl-3.3.2-stable.jar;C:\Users\legon\.m2\repository\org\lwjgl\lwjgl\lwjgl\2.9.3\lwjgl-2.9.3.jar;C:\Users\legon\.m2\repository\org\lwjgl\lwjgl\lwjgl-platform\2.9.3\lwjgl-platform-2.9.3-natives-windows.jar;C:\Users\legon\.m2\repository\org\lwjgl\lwjgl\lwjgl-platform\2.9.3\lwjgl-platform-2.9.3-natives-linux.jar;C:\Users\legon\.m2\repository\org\lwjgl\lwjgl\lwjgl-platform\2.9.3\lwjgl-platform-2.9.3-natives-osx.jar;C:\Users\legon\.m2\repository\net\java\jinput\jinput\2.0.5\jinput-2.0.5.jar;C:\Users\legon\.m2\repository\net\java\jutils\jutils\1.0.0\jutils-1.0.0.jar;C:\Users\legon\.m2\repository\net\java\jinput\jinput-platform\2.0.5\jinput-platform-2.0.5-natives-linux.jar;C:\Users\legon\.m2\repository\net\java\jinput\jinput-platform\2.0.5\jinput-platform-2.0.5-natives-windows.jar;C:\Users\legon\.m2\repository\net\java\jinput\jinput-platform\2.0.5\jinput-platform-2.0.5-natives-osx.jar;C:\Program Files\JetBrains\IntelliJ IDEA 2020.1.4\lib\idea_rt.jar
Launcher Type: SUN_STANDARD

[Global flags]
     intx CICompilerCount                          = 4                                         {product} {ergonomic}
     uint ConcGCThreads                            = 2                                         {product} {ergonomic}
     uint G1ConcRefinementThreads                  = 8                                         {product} {ergonomic}
   size_t G1HeapRegionSize                         = 1048576                                   {product} {ergonomic}
    uintx GCDrainStackTargetSize                   = 64                                        {product} {ergonomic}
   size_t InitialHeapSize                          = 127926272                                 {product} {ergonomic}
   size_t MarkStackSize                            = 4194304                                   {product} {ergonomic}
   size_t MaxHeapSize                              = 2040528896                                {product} {ergonomic}
   size_t MaxNewSize                               = 1223688192                                {product} {ergonomic}
   size_t MinHeapDeltaBytes                        = 1048576                                   {product} {ergonomic}
   size_t MinHeapSize                              = 8388608                                   {product} {ergonomic}
    uintx NonNMethodCodeHeapSize                   = 5839372                                {pd product} {ergonomic}
    uintx NonProfiledCodeHeapSize                  = 122909434                              {pd product} {ergonomic}
    uintx ProfiledCodeHeapSize                     = 122909434                              {pd product} {ergonomic}
    uintx ReservedCodeCacheSize                    = 251658240                              {pd product} {ergonomic}
     bool SegmentedCodeCache                       = true                                      {product} {ergonomic}
   size_t SoftMaxHeapSize                          = 2040528896                             {manageable} {ergonomic}
     bool UseCompressedClassPointers               = true                                 {lp64_product} {ergonomic}
     bool UseCompressedOops                        = true                                 {lp64_product} {ergonomic}
     bool UseG1GC                                  = true                                      {product} {ergonomic}
     bool UseLargePagesIndividualAllocation        = false                                  {pd product} {ergonomic}

Logging:
Log output configuration:
 #0: stdout all=off uptime,level,tags
 #1: stderr all=off uptime,level,tags

Environment Variables:
PATH=C:\windows\system32;C:\windows;C:\windows\System32\Wbem;C:\windows\System32\WindowsPowerShell\v1.0\;C:\windows\System32\OpenSSH\;C:\Program Files\MATLAB\R2018a\bin;C:\Program Files (x86)\Calibre2\;C:\Program Files\MATLAB\R2020b\bin;C:\Users\legon\AppData\Local\Microsoft\WindowsApps;C:\Users\legon\AppData\Local\GitHubDesktop\bin
USERNAME=legon
OS=Windows_NT
PROCESSOR_IDENTIFIER=Intel64 Family 6 Model 126 Stepping 5, GenuineIntel



---------------  S Y S T E M  ---------------

OS: Windows 10 , 64 bit Build 18362 (10.0.18362.1110)
OS uptime: 4 days 5:25 hours

CPU:total 8 (initial active 8) (4 cores per cpu, 2 threads per core) family 6 model 126 stepping 5, cmov, cx8, fxsr, mmx, sse, sse2, sse3, ssse3, sse4.1, sse4.2, popcnt, avx, avx2, aes, clmul, erms, 3dnowpref, lzcnt, ht, tsc, tscinvbit, bmi1, bmi2, adx, evex, sha, fma

Memory: 4k page, system-wide physical 7782M (1050M free)
TotalPageFile size 14542M (AvailPageFile size 2137M)
current process WorkingSet (physical memory assigned to process): 178M, peak: 191M
current process commit charge ("private bytes"): 278M, peak: 292M

vm_info: OpenJDK 64-Bit Server VM (14.0.2+12-46) for windows-amd64 JRE (14.0.2+12-46), built on Jul  9 2020 00:31:16 by "mach5one" with MS VC++ 15.9 (VS2017)

END.
